<?xml version="1.0" encoding="UTF-8"?>
<!-- Generated by org.testng.reporters.JUnitReportReporter -->
<testsuite hostname="host-1" failures="0" tests="1" name="newSetUp.newUp.LoginPage" time="2.848" errors="0" timestamp="2022-01-28T00:56:36 PST" skipped="0">
  <testcase classname="newSetUp.newUp.LoginPage" name="loginPage" time="2.848"/>
  <system-out/>
</testsuite> <!-- newSetUp.newUp.LoginPage -->
