<?xml version="1.0" encoding="UTF-8"?>
<!-- Generated by org.testng.reporters.JUnitReportReporter -->
<testsuite hostname="QT-INNO-LT1420" failures="0" tests="1" name="newSetUp.newUp.SchedulePageTest" time="17.596" errors="0" timestamp="2022-02-08T16:24:42 IST" skipped="0">
  <testcase classname="newSetUp.newUp.SchedulePageTest" name="createSchedule" time="17.596"/>
  <system-out/>
</testsuite> <!-- newSetUp.newUp.SchedulePageTest -->
