<?xml version="1.0" encoding="UTF-8"?>
<!-- Generated by org.testng.reporters.JUnitReportReporter -->
<testsuite hostname="QT-INNO-LT1420" failures="0" tests="6" name="newSetUp.newUp.EnvironmentPageTest" time="201.418" errors="0" timestamp="2022-02-08T16:24:42 IST" skipped="0">
  <testcase classname="newSetUp.newUp.EnvironmentPageTest" name="pageTitle" time="0.007"/>
  <system-out/>
  <testcase classname="newSetUp.newUp.EnvironmentPageTest" name="environmentPage" time="4.095"/>
  <system-out/>
  <testcase classname="newSetUp.newUp.EnvironmentPageTest" name="createEnvironment" time="2.479"/>
  <system-out/>
  <testcase classname="newSetUp.newUp.EnvironmentPageTest" name="runEnvironment" time="11.246"/>
  <system-out/>
  <testcase classname="newSetUp.newUp.EnvironmentPageTest" name="suspendEnvironment" time="54.259"/>
  <system-out/>
  <testcase classname="newSetUp.newUp.EnvironmentPageTest" name="shutdownEnvironment" time="129.332"/>
  <system-out/>
</testsuite> <!-- newSetUp.newUp.EnvironmentPageTest -->
