<?xml version="1.0" encoding="UTF-8"?>
<!-- Generated by org.testng.reporters.JUnitReportReporter -->
<testsuite hostname="QT-INNO-LT1420" failures="0" tests="7" name="newSetUp.newUp.ProjectPageTest" time="31.541" errors="0" timestamp="2022-02-02T17:29:29 IST" skipped="0">
  <testcase classname="newSetUp.newUp.ProjectPageTest" name="createProject" time="4.899"/>
  <system-out/>
  <testcase classname="newSetUp.newUp.ProjectPageTest" name="addEnvironmentToProject" time="1.347"/>
  <system-out/>
  <testcase classname="newSetUp.newUp.ProjectPageTest" name="addTemplateToProject" time="1.281"/>
  <system-out/>
  <testcase classname="newSetUp.newUp.ProjectPageTest" name="addAssetToProject" time="1.303"/>
  <system-out/>
  <testcase classname="newSetUp.newUp.ProjectPageTest" name="addGroupToProject" time="6.464"/>
  <system-out/>
  <testcase classname="newSetUp.newUp.ProjectPageTest" name="addUserToProject" time="1.364"/>
  <system-out/>
  <testcase classname="newSetUp.newUp.ProjectPageTest" name="removeFromProject" time="14.883"/>
  <system-out/>
</testsuite> <!-- newSetUp.newUp.ProjectPageTest -->
