<?xml version="1.0" encoding="UTF-8"?>
<!-- Generated by org.testng.reporters.JUnitReportReporter -->
<testsuite hostname="QT-INNO-LT1420" failures="0" tests="3" name="newSetUp.newUp.GroupTest" time="0.000" errors="0" timestamp="2022-05-04T16:38:29 IST" skipped="3">
  <testcase classname="newSetUp.newUp.GroupTest" name="createGroup" time="0.000">
    <skipped/>
  </testcase> <!-- createGroup -->
  <system-out/>
  <testcase classname="newSetUp.newUp.GroupTest" name="addResurces" time="0.000">
    <skipped/>
  </testcase> <!-- addResurces -->
  <system-out/>
  <testcase classname="newSetUp.newUp.GroupTest" name="removeResources" time="0.000">
    <skipped/>
  </testcase> <!-- removeResources -->
  <system-out/>
</testsuite> <!-- newSetUp.newUp.GroupTest -->
