<?xml version="1.0" encoding="UTF-8"?>
<!-- Generated by org.testng.reporters.JUnitReportReporter -->
<testsuite hostname="QT-INNO-LT1420" failures="0" tests="6" name="newSetUp.newUp.EnvironmentPageTest" time="148.626" errors="0" timestamp="2022-02-07T18:29:09 IST" skipped="0">
  <testcase classname="newSetUp.newUp.EnvironmentPageTest" name="pageTitle" time="0.028"/>
  <system-out/>
  <testcase classname="newSetUp.newUp.EnvironmentPageTest" name="environmentPage" time="2.303"/>
  <system-out/>
  <testcase classname="newSetUp.newUp.EnvironmentPageTest" name="createEnvironment" time="2.213"/>
  <system-out/>
  <testcase classname="newSetUp.newUp.EnvironmentPageTest" name="runEnvironment" time="23.194"/>
  <system-out/>
  <testcase classname="newSetUp.newUp.EnvironmentPageTest" name="suspendEnvironment" time="33.877"/>
  <system-out/>
  <testcase classname="newSetUp.newUp.EnvironmentPageTest" name="shutdownEnvironment" time="87.011"/>
  <system-out/>
</testsuite> <!-- newSetUp.newUp.EnvironmentPageTest -->
