<?xml version="1.0" encoding="UTF-8"?>
<!-- Generated by org.testng.reporters.JUnitReportReporter -->
<testsuite hostname="QT-INNO-LT1420" failures="0" tests="6" name="newSetUp.newUp.EnvironmentPageTest" time="49.955" errors="0" timestamp="2022-02-07T13:28:51 IST" skipped="0">
  <testcase classname="newSetUp.newUp.EnvironmentPageTest" name="pageTitle" time="0.017"/>
  <system-out/>
  <testcase classname="newSetUp.newUp.EnvironmentPageTest" name="environmentPage" time="2.255"/>
  <system-out/>
  <testcase classname="newSetUp.newUp.EnvironmentPageTest" name="createEnvironment" time="2.039"/>
  <system-out/>
  <testcase classname="newSetUp.newUp.EnvironmentPageTest" name="runEnvironment" time="8.718"/>
  <system-out/>
  <testcase classname="newSetUp.newUp.EnvironmentPageTest" name="suspendEnvironment" time="12.064"/>
  <system-out/>
  <testcase classname="newSetUp.newUp.EnvironmentPageTest" name="shutdownEnvironment" time="24.862"/>
  <system-out/>
</testsuite> <!-- newSetUp.newUp.EnvironmentPageTest -->
