<?xml version="1.0" encoding="UTF-8"?>
<!-- Generated by org.testng.reporters.JUnitReportReporter -->
<testsuite hostname="QT-INNO-LT1420" failures="0" tests="3" name="newSetUp.newUp.LoginPageTest" time="0.000" errors="0" timestamp="2022-02-01T20:20:18 IST" skipped="3">
  <testcase classname="newSetUp.newUp.LoginPageTest" name="pageTitle" time="0.000">
    <skipped/>
  </testcase> <!-- pageTitle -->
  <system-out/>
  <testcase classname="newSetUp.newUp.LoginPageTest" name="loginApplication" time="0.000">
    <skipped/>
  </testcase> <!-- loginApplication -->
  <system-out/>
  <testcase classname="newSetUp.newUp.LoginPageTest" name="loginPage">
    <skipped/>
  </testcase> <!-- loginPage -->
  <system-out/>
</testsuite> <!-- newSetUp.newUp.LoginPageTest -->
