<?xml version="1.0" encoding="UTF-8"?>
<!-- Generated by org.testng.reporters.JUnitReportReporter -->
<testsuite hostname="QT-INNO-LT1420" failures="0" tests="7" name="newSetUp.newUp.ProjectPageTest" time="0.000" errors="0" timestamp="2022-05-04T16:38:29 IST" skipped="7">
  <testcase classname="newSetUp.newUp.ProjectPageTest" name="createProject" time="0.000">
    <skipped/>
  </testcase> <!-- createProject -->
  <system-out/>
  <testcase classname="newSetUp.newUp.ProjectPageTest" name="addEnvironmentToProject" time="0.000">
    <skipped/>
  </testcase> <!-- addEnvironmentToProject -->
  <system-out/>
  <testcase classname="newSetUp.newUp.ProjectPageTest" name="addTemplateToProject" time="0.000">
    <skipped/>
  </testcase> <!-- addTemplateToProject -->
  <system-out/>
  <testcase classname="newSetUp.newUp.ProjectPageTest" name="addAssetToProject" time="0.000">
    <skipped/>
  </testcase> <!-- addAssetToProject -->
  <system-out/>
  <testcase classname="newSetUp.newUp.ProjectPageTest" name="addGroupToProject" time="0.000">
    <skipped/>
  </testcase> <!-- addGroupToProject -->
  <system-out/>
  <testcase classname="newSetUp.newUp.ProjectPageTest" name="addUserToProject" time="0.000">
    <skipped/>
  </testcase> <!-- addUserToProject -->
  <system-out/>
  <testcase classname="newSetUp.newUp.ProjectPageTest" name="removeFromProject" time="0.000">
    <skipped/>
  </testcase> <!-- removeFromProject -->
  <system-out/>
</testsuite> <!-- newSetUp.newUp.ProjectPageTest -->
