<?xml version="1.0" encoding="UTF-8"?>
<!-- Generated by org.testng.reporters.JUnitReportReporter -->
<testsuite hostname="QT-INNO-LT1420" failures="0" tests="6" name="newSetUp.newUp.EnvironmentPageTest" time="181.448" errors="0" timestamp="2022-02-07T13:36:52 IST" skipped="0">
  <testcase classname="newSetUp.newUp.EnvironmentPageTest" name="pageTitle" time="0.028"/>
  <system-out/>
  <testcase classname="newSetUp.newUp.EnvironmentPageTest" name="environmentPage" time="2.137"/>
  <system-out/>
  <testcase classname="newSetUp.newUp.EnvironmentPageTest" name="createEnvironment" time="1.958"/>
  <system-out/>
  <testcase classname="newSetUp.newUp.EnvironmentPageTest" name="runEnvironment" time="10.347"/>
  <system-out/>
  <testcase classname="newSetUp.newUp.EnvironmentPageTest" name="suspendEnvironment" time="53.479"/>
  <system-out/>
  <testcase classname="newSetUp.newUp.EnvironmentPageTest" name="shutdownEnvironment" time="113.499"/>
  <system-out/>
</testsuite> <!-- newSetUp.newUp.EnvironmentPageTest -->
