<?xml version="1.0" encoding="UTF-8"?>
<!-- Generated by org.testng.reporters.JUnitReportReporter -->
<testsuite hostname="QT-INNO-LT1420" failures="0" tests="3" name="newSetUp.newUp.AssetPageTest" time="0.000" errors="0" timestamp="2022-05-04T16:38:29 IST" skipped="3">
  <testcase classname="newSetUp.newUp.AssetPageTest" name="navigateToUploadassetPage" time="0.000">
    <skipped/>
  </testcase> <!-- navigateToUploadassetPage -->
  <system-out/>
  <testcase classname="newSetUp.newUp.AssetPageTest" name="moreOptionDropDown" time="0.000">
    <skipped/>
  </testcase> <!-- moreOptionDropDown -->
  <system-out/>
  <testcase classname="newSetUp.newUp.AssetPageTest" name="downloadAsset">
    <skipped/>
  </testcase> <!-- downloadAsset -->
  <system-out/>
</testsuite> <!-- newSetUp.newUp.AssetPageTest -->
