<?xml version="1.0" encoding="UTF-8"?>
<!-- Generated by org.testng.reporters.JUnitReportReporter -->
<testsuite hostname="QT-INNO-LT1420" failures="0" tests="8" name="newSetUp.newUp.ProjectPageTest" time="0.038" errors="1" timestamp="2022-02-01T14:21:23 IST" skipped="7">
  <testcase classname="newSetUp.newUp.ProjectPageTest" name="setUp" time="0.038">
    <error message="The driver executable does not exist: C:\Users\autoadmin\Desktop\chromedriver.exe" type="java.lang.IllegalStateException">
      <![CDATA[java.lang.IllegalStateException: The driver executable does not exist: C:\Users\autoadmin\Desktop\chromedriver.exe
at com.google.common.base.Preconditions.checkState(Preconditions.java:585)
at org.openqa.selenium.remote.service.DriverService.checkExecutable(DriverService.java:146)
at org.openqa.selenium.remote.service.DriverService.findExecutable(DriverService.java:141)
at org.openqa.selenium.chrome.ChromeDriverService.access$000(ChromeDriverService.java:35)
at org.openqa.selenium.chrome.ChromeDriverService$Builder.findDefaultExecutable(ChromeDriverService.java:159)
at org.openqa.selenium.remote.service.DriverService$Builder.build(DriverService.java:355)
at org.openqa.selenium.chrome.ChromeDriverService.createDefaultService(ChromeDriverService.java:94)
at org.openqa.selenium.chrome.ChromeDriver.<init>(ChromeDriver.java:123)
at BaseClass.BaseClass.initialization(BaseClass.java:66)
at newSetUp.newUp.ProjectPageTest.setUp(ProjectPageTest.java:41)
at java.base/jdk.internal.reflect.NativeMethodAccessorImpl.invoke0(Native Method)
at java.base/jdk.internal.reflect.NativeMethodAccessorImpl.invoke(NativeMethodAccessorImpl.java:77)
at java.base/jdk.internal.reflect.DelegatingMethodAccessorImpl.invoke(DelegatingMethodAccessorImpl.java:43)
at java.base/java.lang.reflect.Method.invoke(Method.java:568)
at org.testng.internal.MethodInvocationHelper.invokeMethod(MethodInvocationHelper.java:133)
at org.testng.internal.MethodInvocationHelper.invokeMethodConsideringTimeout(MethodInvocationHelper.java:62)
at org.testng.internal.ConfigInvoker.invokeConfigurationMethod(ConfigInvoker.java:385)
at org.testng.internal.ConfigInvoker.invokeConfigurations(ConfigInvoker.java:321)
at org.testng.TestRunner.invokeTestConfigurations(TestRunner.java:637)
at org.testng.TestRunner.beforeRun(TestRunner.java:627)
at org.testng.TestRunner.run(TestRunner.java:589)
at org.testng.SuiteRunner.runTest(SuiteRunner.java:377)
at org.testng.SuiteRunner.runSequentially(SuiteRunner.java:371)
at org.testng.SuiteRunner.privateRun(SuiteRunner.java:332)
at org.testng.SuiteRunner.run(SuiteRunner.java:276)
at org.testng.SuiteRunnerWorker.runSuite(SuiteRunnerWorker.java:53)
at org.testng.SuiteRunnerWorker.run(SuiteRunnerWorker.java:96)
at org.testng.TestNG.runSuitesSequentially(TestNG.java:1212)
at org.testng.TestNG.runSuitesLocally(TestNG.java:1134)
at org.testng.TestNG.runSuites(TestNG.java:1063)
at org.testng.TestNG.run(TestNG.java:1031)
at org.testng.remote.AbstractRemoteTestNG.run(AbstractRemoteTestNG.java:115)
at org.testng.remote.RemoteTestNG.initAndRun(RemoteTestNG.java:251)
at org.testng.remote.RemoteTestNG.main(RemoteTestNG.java:77)
]]>
    </error>
  </testcase> <!-- setUp -->
  <system-out/>
  <testcase classname="newSetUp.newUp.ProjectPageTest" name="createProject" time="0.000">
    <skipped/>
  </testcase> <!-- createProject -->
  <system-out/>
  <testcase classname="newSetUp.newUp.ProjectPageTest" name="addEnvironmentToProject" time="0.000">
    <skipped/>
  </testcase> <!-- addEnvironmentToProject -->
  <system-out/>
  <testcase classname="newSetUp.newUp.ProjectPageTest" name="addTemplateToProject" time="0.000">
    <skipped/>
  </testcase> <!-- addTemplateToProject -->
  <system-out/>
  <testcase classname="newSetUp.newUp.ProjectPageTest" name="addAssetToProject" time="0.000">
    <skipped/>
  </testcase> <!-- addAssetToProject -->
  <system-out/>
  <testcase classname="newSetUp.newUp.ProjectPageTest" name="addGroupToProject" time="0.000">
    <skipped/>
  </testcase> <!-- addGroupToProject -->
  <system-out/>
  <testcase classname="newSetUp.newUp.ProjectPageTest" name="addUserToProject" time="0.000">
    <skipped/>
  </testcase> <!-- addUserToProject -->
  <system-out/>
  <testcase classname="newSetUp.newUp.ProjectPageTest" name="removeFromProject" time="0.000">
    <skipped/>
  </testcase> <!-- removeFromProject -->
  <system-out/>
</testsuite> <!-- newSetUp.newUp.ProjectPageTest -->
