<?xml version="1.0" encoding="UTF-8"?>
<!-- Generated by org.testng.reporters.JUnitReportReporter -->
<testsuite hostname="QT-INNO-LT1420" failures="0" tests="3" name="newSetUp.newUp.LoginPageTest" time="32.812" errors="0" timestamp="2022-02-02T17:17:36 IST" skipped="1">
  <testcase classname="newSetUp.newUp.LoginPageTest" name="pageTitle" time="15.027"/>
  <system-out/>
  <testcase classname="newSetUp.newUp.LoginPageTest" name="loginApplication" time="17.785"/>
  <system-out/>
  <testcase classname="newSetUp.newUp.LoginPageTest" name="loginPage">
    <skipped/>
  </testcase> <!-- loginPage -->
  <system-out/>
</testsuite> <!-- newSetUp.newUp.LoginPageTest -->
