<?xml version="1.0" encoding="UTF-8"?>
<!-- Generated by org.testng.reporters.JUnitReportReporter -->
<testsuite hostname="QT-INNO-LT1420" failures="0" tests="1" name="newSetUp.newUp.SchedulePageTest" time="0.000" errors="0" timestamp="2022-02-09T12:44:00 IST" skipped="1">
  <testcase classname="newSetUp.newUp.SchedulePageTest" name="createSchedule" time="0.000">
    <skipped/>
  </testcase> <!-- createSchedule -->
  <system-out/>
</testsuite> <!-- newSetUp.newUp.SchedulePageTest -->
