<?xml version="1.0" encoding="UTF-8"?>
<!-- Generated by org.testng.reporters.JUnitReportReporter -->
<testsuite hostname="host-1" failures="0" tests="1" name="newSetUp.newUp.LoginPage" time="2.783" errors="0" timestamp="2022-01-28T01:01:11 PST" skipped="0">
  <testcase classname="newSetUp.newUp.LoginPage" name="loginPage" time="2.783"/>
  <system-out/>
</testsuite> <!-- newSetUp.newUp.LoginPage -->
